VERSION: 3.1.0

Total number of .java files: 17852
Number of .java files in the "fBugs_3.1.0.csv": 354
Number of .java files with bug in the filtered_dataset: 422
Missing .java files in the filtered_dataset:
    ZooKeeperTokenStoreTestBase.java
    InformationSchemaWithPrivilegeTestBase.java
    SSLZookeeperFactory.java
    MyConverterParent.java
    TestETypeConverter.java
    TestParquetTimestampsHive2Compatibility.java
    AbstractSparkClient.java
    VectorPTFEvaluatorBytesCountDistinct.java
    VectorPTFEvaluatorCountDistinct.java
    VectorPTFEvaluatorDecimalCountDistinct.java
    VectorPTFEvaluatorDoubleCountDistinct.java
    VectorPTFEvaluatorLongCountDistinct.java
    VectorPTFEvaluatorTimestampCountDistinct.java
    TestLazyBinaryStruct.java
    CommandAuthorizerV1.java
    Msck.java
    MetaStoreServerUtils.java
    TezTotalOrderPartitioner.java
    TestTezTotalOrderPartitioner.java
    SkippingTextInputFormat.java
    TestLineBuffer.java
    TestSkippingTextInputFormat.java
    AbstractTestJdbcGenericUDTFGetSplits.java
    TestJdbcGenericUDTFGetSplits2.java
    TestJdbcWithMiniLlapVectorArrow.java
    TestJdbcWithMiniLlapVectorArrowBatch.java
    TestNewGetSplitsFormat.java
    TestNewGetSplitsFormatReturnPath.java
    VectorTopNKeyOperator.java
    CastCharToBinary.java
    GenericUDFFromUnixTime.java
    AggregationBase.java
    TestVectorArithmetic.java
    TestVectorBetweenIn.java
    TestVectorCoalesceElt.java
    TestVectorFilterCompare.java
    TestVectorIndex.java
    TestVectorNegative.java
    TestVectorNull.java
    TestVectorStructField.java
    PreUpgradeTool.java
    RunOptions.java
    TestPreUpgradeTool.java
    TestReplicationScenariosExternalTables.java
    TestReplicationScenariosIncrementalLoadAcidTables.java
    ReplExternalTables.java
    IncrementalLoadEventsIterator.java
    IncrementalLoadTasksBuilder.java
    UpdatePartColStatHandler.java
    UpdateTableColStatHandler.java
    DeSerializer.java
    TestMetaStoreServerUtils.java
    MaterializationsInvalidationCache.java

Number of combined rows for current and previous versions without duplicates
Initial number of metric columns: 67
Initial number of rows: 17852
Total number of bugs: 422

Initial variable columns: 67
    lines_added
    lines_deleted
    comments_added
    comments_deleted
    commits
    bug_fixes
    avg_time_between_changes
    dev_expertise_avg
    dev_expertise_min
    developer_count
    commits_global
    avg_time_between_changes_global
    developer_count_global
    AvgCountLine
    AvgCountLineBlank
    AvgCountLineCode
    AvgCountLineComment
    AvgCyclomatic
    AvgCyclomaticModified
    AvgCyclomaticStrict
    AvgEssential
    CountClassBase
    CountClassCoupled
    CountClassDerived
    CountDeclClass
    CountDeclClassMethod
    CountDeclClassVariable
    CountDeclFunction
    CountDeclInstanceMethod
    CountDeclInstanceVariable
    CountDeclMethod
    CountDeclMethodDefault
    CountDeclMethodPrivate
    CountDeclMethodProtected
    CountDeclMethodPublic
    CountLine
    CountLineBlank
    CountLineCode
    CountLineCodeDecl
    CountLineCodeExe
    CountLineComment
    CountSemicolon
    CountStmt
    CountStmtDecl
    CountStmtExe
    MaxCyclomatic
    MaxCyclomaticModified
    MaxCyclomaticStrict
    MaxInheritanceTree
    PercentLackOfCohesion
    RatioCommentToCode
    SumCyclomatic
    SumCyclomaticModified
    SumCyclomaticStrict
    SumEssential
    CountInputMin
    CountInputMean
    CountInputMax
    CountOutputMin
    CountOutputMean
    CountOutputMax
    CountPathMin
    CountPathMean-divided-by-1,000,000
    CountPathMax-divided-by-1,000,000
    MaxNestingMin
    MaxNestingMean
    MaxNestingMax

Drop all NaN columns
Remaining columns (67):
    lines_added
    lines_deleted
    comments_added
    comments_deleted
    commits
    bug_fixes
    avg_time_between_changes
    dev_expertise_avg
    dev_expertise_min
    developer_count
    commits_global
    avg_time_between_changes_global
    developer_count_global
    AvgCountLine
    AvgCountLineBlank
    AvgCountLineCode
    AvgCountLineComment
    AvgCyclomatic
    AvgCyclomaticModified
    AvgCyclomaticStrict
    AvgEssential
    CountClassBase
    CountClassCoupled
    CountClassDerived
    CountDeclClass
    CountDeclClassMethod
    CountDeclClassVariable
    CountDeclFunction
    CountDeclInstanceMethod
    CountDeclInstanceVariable
    CountDeclMethod
    CountDeclMethodDefault
    CountDeclMethodPrivate
    CountDeclMethodProtected
    CountDeclMethodPublic
    CountLine
    CountLineBlank
    CountLineCode
    CountLineCodeDecl
    CountLineCodeExe
    CountLineComment
    CountSemicolon
    CountStmt
    CountStmtDecl
    CountStmtExe
    MaxCyclomatic
    MaxCyclomaticModified
    MaxCyclomaticStrict
    MaxInheritanceTree
    PercentLackOfCohesion
    RatioCommentToCode
    SumCyclomatic
    SumCyclomaticModified
    SumCyclomaticStrict
    SumEssential
    CountInputMin
    CountInputMean
    CountInputMax
    CountOutputMin
    CountOutputMean
    CountOutputMax
    CountPathMin
    CountPathMean-divided-by-1,000,000
    CountPathMax-divided-by-1,000,000
    MaxNestingMin
    MaxNestingMean
    MaxNestingMax
Dropped all NaN columns (0):

Columns with missing values:
    lines_added: 0
    lines_deleted: 0
    comments_added: 0
    comments_deleted: 0
    commits: 0
    bug_fixes: 0
    avg_time_between_changes: 0
    dev_expertise_avg: 0
    dev_expertise_min: 0
    developer_count: 0
    commits_global: 0
    avg_time_between_changes_global: 0
    developer_count_global: 0
    AvgCountLine: 0
    AvgCountLineBlank: 0
    AvgCountLineCode: 0
    AvgCountLineComment: 0
    AvgCyclomatic: 0
    AvgCyclomaticModified: 0
    AvgCyclomaticStrict: 0
    AvgEssential: 0
    CountClassBase: 0
    CountClassCoupled: 0
    CountClassDerived: 0
    CountDeclClass: 0
    CountDeclClassMethod: 0
    CountDeclClassVariable: 0
    CountDeclFunction: 0
    CountDeclInstanceMethod: 0
    CountDeclInstanceVariable: 0
    CountDeclMethod: 0
    CountDeclMethodDefault: 0
    CountDeclMethodPrivate: 0
    CountDeclMethodProtected: 0
    CountDeclMethodPublic: 0
    CountLine: 0
    CountLineBlank: 0
    CountLineCode: 0
    CountLineCodeDecl: 0
    CountLineCodeExe: 0
    CountLineComment: 0
    CountSemicolon: 0
    CountStmt: 0
    CountStmtDecl: 0
    CountStmtExe: 0
    MaxCyclomatic: 0
    MaxCyclomaticModified: 0
    MaxCyclomaticStrict: 0
    MaxInheritanceTree: 0
    PercentLackOfCohesion: 0
    RatioCommentToCode: 0
    SumCyclomatic: 0
    SumCyclomaticModified: 0
    SumCyclomaticStrict: 0
    SumEssential: 0
    CountInputMin: 0
    CountInputMean: 0
    CountInputMax: 0
    CountOutputMin: 0
    CountOutputMean: 0
    CountOutputMax: 0
    CountPathMin: 0
    CountPathMean-divided-by-1,000,000: 0
    CountPathMax-divided-by-1,000,000: 0
    MaxNestingMin: 0
    MaxNestingMean: 0
    MaxNestingMax: 0
Total rows with missing values removed: 0
Total rows remaining: 17852

Correlated columns to be dropped:
    lines_deleted, correlated to: ['lines_added']
    comments_deleted, correlated to: ['comments_added']
    developer_count, correlated to: ['commits']
    commits_global, correlated to: ['commits', 'developer_count']
    developer_count_global, correlated to: ['developer_count', 'commits_global']
    AvgCountLineBlank, correlated to: ['AvgCountLine']
    AvgCountLineCode, correlated to: ['AvgCountLine', 'AvgCountLineBlank']
    AvgCyclomatic, correlated to: ['AvgCountLine', 'AvgCountLineCode']
    AvgCyclomaticModified, correlated to: ['AvgCountLine', 'AvgCountLineCode', 'AvgCyclomatic']
    AvgCyclomaticStrict, correlated to: ['AvgCountLine', 'AvgCountLineCode', 'AvgCyclomatic', 'AvgCyclomaticModified']
    AvgEssential, correlated to: ['AvgCountLineCode', 'AvgCyclomatic', 'AvgCyclomaticModified', 'AvgCyclomaticStrict']
    CountClassBase, correlated to: ['AvgEssential']
    CountClassCoupled, correlated to: ['AvgCountLineCode']
    CountDeclClassMethod, correlated to: ['CountDeclClass']
    CountDeclClassVariable, correlated to: ['CountDeclClass', 'CountDeclClassMethod']
    CountDeclFunction, correlated to: ['CountDeclClass', 'CountDeclClassMethod', 'CountDeclClassVariable']
    CountDeclInstanceMethod, correlated to: ['CountDeclClass', 'CountDeclClassMethod', 'CountDeclClassVariable', 'CountDeclFunction']
    CountDeclInstanceVariable, correlated to: ['CountDeclClass', 'CountDeclClassMethod', 'CountDeclClassVariable', 'CountDeclFunction', 'CountDeclInstanceMethod']
    CountDeclMethod, correlated to: ['CountDeclClass', 'CountDeclClassMethod', 'CountDeclClassVariable', 'CountDeclFunction', 'CountDeclInstanceMethod', 'CountDeclInstanceVariable']
    CountDeclMethodDefault, correlated to: ['CountDeclClassMethod', 'CountDeclClassVariable', 'CountDeclFunction', 'CountDeclInstanceMethod', 'CountDeclMethod']
    CountDeclMethodPrivate, correlated to: ['CountDeclClass', 'CountDeclClassMethod', 'CountDeclClassVariable', 'CountDeclFunction', 'CountDeclInstanceMethod', 'CountDeclInstanceVariable', 'CountDeclMethod']
    CountDeclMethodProtected, correlated to: ['CountDeclClass', 'CountDeclClassMethod', 'CountDeclClassVariable', 'CountDeclFunction', 'CountDeclInstanceMethod', 'CountDeclInstanceVariable', 'CountDeclMethod', 'CountDeclMethodPrivate']
    CountDeclMethodPublic, correlated to: ['CountDeclClass', 'CountDeclClassMethod', 'CountDeclClassVariable', 'CountDeclFunction', 'CountDeclInstanceMethod', 'CountDeclInstanceVariable', 'CountDeclMethod', 'CountDeclMethodDefault', 'CountDeclMethodPrivate', 'CountDeclMethodProtected']
    CountLine, correlated to: ['CountDeclClass', 'CountDeclClassMethod', 'CountDeclClassVariable', 'CountDeclFunction', 'CountDeclInstanceMethod', 'CountDeclInstanceVariable', 'CountDeclMethod', 'CountDeclMethodDefault', 'CountDeclMethodPrivate', 'CountDeclMethodProtected', 'CountDeclMethodPublic']
    CountLineBlank, correlated to: ['CountDeclClass', 'CountDeclClassMethod', 'CountDeclClassVariable', 'CountDeclFunction', 'CountDeclInstanceMethod', 'CountDeclInstanceVariable', 'CountDeclMethod', 'CountDeclMethodDefault', 'CountDeclMethodPrivate', 'CountDeclMethodProtected', 'CountDeclMethodPublic', 'CountLine']
    CountLineCode, correlated to: ['CountDeclClass', 'CountDeclClassMethod', 'CountDeclClassVariable', 'CountDeclFunction', 'CountDeclInstanceMethod', 'CountDeclInstanceVariable', 'CountDeclMethod', 'CountDeclMethodDefault', 'CountDeclMethodPrivate', 'CountDeclMethodProtected', 'CountDeclMethodPublic', 'CountLine', 'CountLineBlank']
    CountLineCodeDecl, correlated to: ['CountDeclClass', 'CountDeclClassMethod', 'CountDeclClassVariable', 'CountDeclFunction', 'CountDeclInstanceMethod', 'CountDeclInstanceVariable', 'CountDeclMethod', 'CountDeclMethodDefault', 'CountDeclMethodPrivate', 'CountDeclMethodProtected', 'CountDeclMethodPublic', 'CountLine', 'CountLineBlank', 'CountLineCode']
    CountLineCodeExe, correlated to: ['CountDeclClass', 'CountDeclClassMethod', 'CountDeclClassVariable', 'CountDeclFunction', 'CountDeclInstanceMethod', 'CountDeclInstanceVariable', 'CountDeclMethod', 'CountDeclMethodDefault', 'CountDeclMethodPrivate', 'CountDeclMethodProtected', 'CountDeclMethodPublic', 'CountLine', 'CountLineBlank', 'CountLineCode', 'CountLineCodeDecl']
    CountLineComment, correlated to: ['CountDeclClass', 'CountDeclClassMethod', 'CountDeclClassVariable', 'CountDeclFunction', 'CountDeclInstanceMethod', 'CountDeclInstanceVariable', 'CountDeclMethod', 'CountDeclMethodDefault', 'CountDeclMethodPrivate', 'CountDeclMethodProtected', 'CountDeclMethodPublic', 'CountLine', 'CountLineBlank', 'CountLineCode', 'CountLineCodeDecl', 'CountLineCodeExe']
    CountSemicolon, correlated to: ['CountDeclClass', 'CountDeclClassMethod', 'CountDeclClassVariable', 'CountDeclFunction', 'CountDeclInstanceMethod', 'CountDeclInstanceVariable', 'CountDeclMethod', 'CountDeclMethodDefault', 'CountDeclMethodPrivate', 'CountDeclMethodProtected', 'CountDeclMethodPublic', 'CountLine', 'CountLineBlank', 'CountLineCode', 'CountLineCodeDecl', 'CountLineCodeExe', 'CountLineComment']
    CountStmt, correlated to: ['CountDeclClass', 'CountDeclClassMethod', 'CountDeclClassVariable', 'CountDeclFunction', 'CountDeclInstanceMethod', 'CountDeclInstanceVariable', 'CountDeclMethod', 'CountDeclMethodDefault', 'CountDeclMethodPrivate', 'CountDeclMethodProtected', 'CountDeclMethodPublic', 'CountLine', 'CountLineBlank', 'CountLineCode', 'CountLineCodeDecl', 'CountLineCodeExe', 'CountLineComment', 'CountSemicolon']
    CountStmtDecl, correlated to: ['CountDeclClass', 'CountDeclClassMethod', 'CountDeclClassVariable', 'CountDeclFunction', 'CountDeclInstanceMethod', 'CountDeclInstanceVariable', 'CountDeclMethod', 'CountDeclMethodDefault', 'CountDeclMethodPrivate', 'CountDeclMethodProtected', 'CountDeclMethodPublic', 'CountLine', 'CountLineBlank', 'CountLineCode', 'CountLineCodeDecl', 'CountLineCodeExe', 'CountLineComment', 'CountSemicolon', 'CountStmt']
    CountStmtExe, correlated to: ['CountDeclClass', 'CountDeclClassMethod', 'CountDeclClassVariable', 'CountDeclFunction', 'CountDeclInstanceMethod', 'CountDeclInstanceVariable', 'CountDeclMethod', 'CountDeclMethodDefault', 'CountDeclMethodPrivate', 'CountDeclMethodProtected', 'CountDeclMethodPublic', 'CountLine', 'CountLineBlank', 'CountLineCode', 'CountLineCodeDecl', 'CountLineCodeExe', 'CountLineComment', 'CountSemicolon', 'CountStmt', 'CountStmtDecl']
    MaxCyclomatic, correlated to: ['AvgCyclomatic', 'AvgCyclomaticModified', 'AvgCyclomaticStrict']
    MaxCyclomaticModified, correlated to: ['AvgCyclomatic', 'AvgCyclomaticModified', 'AvgCyclomaticStrict', 'MaxCyclomatic']
    MaxCyclomaticStrict, correlated to: ['AvgCyclomatic', 'AvgCyclomaticStrict', 'MaxCyclomatic', 'MaxCyclomaticModified']
    MaxInheritanceTree, correlated to: ['CountClassBase']
    SumCyclomatic, correlated to: ['CountDeclClass', 'CountDeclClassMethod', 'CountDeclClassVariable', 'CountDeclFunction', 'CountDeclInstanceMethod', 'CountDeclInstanceVariable', 'CountDeclMethod', 'CountDeclMethodDefault', 'CountDeclMethodPrivate', 'CountDeclMethodProtected', 'CountDeclMethodPublic', 'CountLine', 'CountLineBlank', 'CountLineCode', 'CountLineCodeDecl', 'CountLineCodeExe', 'CountLineComment', 'CountSemicolon', 'CountStmt', 'CountStmtDecl', 'CountStmtExe']
    SumCyclomaticModified, correlated to: ['CountDeclClass', 'CountDeclClassMethod', 'CountDeclClassVariable', 'CountDeclFunction', 'CountDeclInstanceMethod', 'CountDeclInstanceVariable', 'CountDeclMethod', 'CountDeclMethodDefault', 'CountDeclMethodPrivate', 'CountDeclMethodProtected', 'CountDeclMethodPublic', 'CountLine', 'CountLineBlank', 'CountLineCode', 'CountLineCodeDecl', 'CountLineCodeExe', 'CountLineComment', 'CountSemicolon', 'CountStmt', 'CountStmtDecl', 'CountStmtExe', 'SumCyclomatic']
    SumCyclomaticStrict, correlated to: ['CountDeclClass', 'CountDeclClassMethod', 'CountDeclClassVariable', 'CountDeclFunction', 'CountDeclInstanceMethod', 'CountDeclInstanceVariable', 'CountDeclMethod', 'CountDeclMethodDefault', 'CountDeclMethodPrivate', 'CountDeclMethodProtected', 'CountDeclMethodPublic', 'CountLine', 'CountLineBlank', 'CountLineCode', 'CountLineCodeDecl', 'CountLineCodeExe', 'CountLineComment', 'CountSemicolon', 'CountStmt', 'CountStmtDecl', 'CountStmtExe', 'SumCyclomatic', 'SumCyclomaticModified']
    SumEssential, correlated to: ['CountDeclClass', 'CountDeclClassMethod', 'CountDeclClassVariable', 'CountDeclFunction', 'CountDeclInstanceMethod', 'CountDeclInstanceVariable', 'CountDeclMethod', 'CountDeclMethodDefault', 'CountDeclMethodPrivate', 'CountDeclMethodProtected', 'CountDeclMethodPublic', 'CountLine', 'CountLineBlank', 'CountLineCode', 'CountLineCodeDecl', 'CountLineCodeExe', 'CountLineComment', 'CountSemicolon', 'CountStmt', 'CountStmtDecl', 'CountStmtExe', 'SumCyclomatic', 'SumCyclomaticModified', 'SumCyclomaticStrict']
    CountOutputMean, correlated to: ['AvgCountLine', 'AvgCountLineCode', 'AvgCyclomaticModified', 'CountClassCoupled', 'CountOutputMin']
    MaxNestingMean, correlated to: ['AvgCyclomatic', 'AvgCyclomaticModified', 'AvgCyclomaticStrict', 'CountOutputMean']
    MaxNestingMax, correlated to: ['AvgCyclomaticModified', 'MaxCyclomaticModified', 'CountOutputMax', 'MaxNestingMean']

Remove outliers:
    Initial number of rows in the filtered_dataset: 17852
    Initial number of .java files with bug in the filtered_dataset: 422
    IQR_method n argument: 20
    Total number of outliers is: 0
    Final number of rows in the filtered_dataset: 17852
    Final number of .java files with bug in the filtered_dataset: 422

Drop same value columns after outliers removal
Initial columns: 23
    lines_added
    comments_added
    commits
    bug_fixes
    avg_time_between_changes
    dev_expertise_avg
    dev_expertise_min
    avg_time_between_changes_global
    AvgCountLine
    AvgCountLineComment
    CountClassDerived
    CountDeclClass
    PercentLackOfCohesion
    RatioCommentToCode
    CountInputMin
    CountInputMean
    CountInputMax
    CountOutputMin
    CountOutputMax
    CountPathMin
    CountPathMean-divided-by-1,000,000
    CountPathMax-divided-by-1,000,000
    MaxNestingMin
Remaining columns (23):
    lines_added
    comments_added
    commits
    bug_fixes
    avg_time_between_changes
    dev_expertise_avg
    dev_expertise_min
    avg_time_between_changes_global
    AvgCountLine
    AvgCountLineComment
    CountClassDerived
    CountDeclClass
    PercentLackOfCohesion
    RatioCommentToCode
    CountInputMin
    CountInputMean
    CountInputMax
    CountOutputMin
    CountOutputMax
    CountPathMin
    CountPathMean-divided-by-1,000,000
    CountPathMax-divided-by-1,000,000
    MaxNestingMin
Dropped same value columns (0):

Variables range:
    lines_added: 0 - 124818
    comments_added: 0 - 3002
    commits: 0 - 390
    bug_fixes: 0 - 25
    avg_time_between_changes: 0.0 - 1612.0
    dev_expertise_avg: 0.0 - 1509.0
    dev_expertise_min: 0 - 1509
    avg_time_between_changes_global: 0.0 - 3455.0
    AvgCountLine: 0.0 - 355.0
    AvgCountLineComment: 0.0 - 38.0
    CountClassDerived: 0.0 - 37.0
    CountDeclClass: 0.0 - 3321.0
    PercentLackOfCohesion: 0.0 - 100.0
    RatioCommentToCode: 0.0 - 68.0
    CountInputMin: 0.0 - 41.0
    CountInputMean: 0.0 - 58.0
    CountInputMax: 0.0 - 435.0
    CountOutputMin: 0.0 - 73.0
    CountOutputMax: 0.0 - 209.0
    CountPathMin: 0.0 - 464.0
    CountPathMean-divided-by-1,000,000: 0 - 125
    CountPathMax-divided-by-1,000,000: 0 - 1000
    MaxNestingMin: 0.0 - 6.0

random_forest_clf best params: {'bootstrap': True, 'ccp_alpha': 0.0, 'class_weight': None, 'criterion': 'gini', 'max_depth': 2, 'max_features': 'sqrt', 'max_leaf_nodes': None, 'max_samples': None, 'min_impurity_decrease': 0.0, 'min_samples_leaf': 1, 'min_samples_split': 2, 'min_weight_fraction_leaf': 0.0, 'monotonic_cst': None, 'n_estimators': 100, 'n_jobs': None, 'oob_score': False, 'random_state': 0, 'verbose': 0, 'warm_start': False}
Random Forest Cross Validation Precision scores are: [1. 1. 1. 1. 1. 1. 1. 1. 1. 1.]
Random Forest Average Cross Validation Precision score: 1.0
Random Forest Cross Validation Precision standard deviation: 0.0
Random Forest Cross Validation Recall scores are: [0.25925926 0.12       0.05555556 0.17142857 0.23333333 0.14634146
 0.08695652 0.16666667 0.10526316 0.23529412]
Random Forest Average Cross Validation Recall score: 0.15800986469389464
Random Forest Cross Validation Recall standard deviation: 0.06836300329837701
Random Forest classifier performance:
precision: [0.97884687 1.        ]
recall: [1.         0.11023622]
fscore: [0.98931038 0.19858156]
support: [5229  127]

Random Forest classifier performance:
precision: 1.0
recall: 0.11023622047244094
fscore: 0.19858156028368795
support: None

Random Forest AUC: 0.9039863992904501

Random Forest classifier performance:
Random Forest Average Cross Validation Precision score: 100.0
Random Forest Average Cross Validation Recall score: 15.8
Random Forest AUC: 90.4
precision: 100.0
recall: 11.0

