VERSION: 2.0.0

Total number of .java files: 14559
Number of .java files in the "fBugs_2.0.0.csv": 655
Number of .java files with bug in the filtered_dataset: 748
Missing .java files in the filtered_dataset:
    SessionStream.java
    TestParseDriver.java
    TestParseDriverIntervals.java
    TestJdbcWithDBTokenStore.java
    MetastoreDelegationTokenManager.java
    CountDistinctRewriteProc.java
    DagJsonParser.java
    CalciteViewSemanticException.java
    GenericUDFOPNotEqualNS.java
    NoReconnect.java
    TestTxnHandlerNoConnectionPool.java
    TestIndexType.java
    JavaDataModelTest.java
    TestHiveMetaStoreGetMetaConf.java
    TestTezWorkConcurrency.java
    DataReaderFactory.java
    MetadataReaderFactory.java
    DataReaderProperties.java
    DefaultMetadataReaderFactory.java
    MetadataReaderProperties.java
    TestDataReaderProperties.java
    TestMetadataReaderProperties.java
    DefaultDataReaderFactory.java
    TestServiceDiscoveryWithMiniHS2.java
    TransactionalValidationListener.java
    HttpTokenAuthInterceptor.java
    HiveDelegationTokenManager.java
    HiveRexUtil.java
    HiveReduceExpressionsRule.java
    LlapDaemonProtocolClientProxy.java
    QueryFileCleaner.java
    Hadoop20SShims.java
    HiveLimit.java

Number of combined rows for current and previous versions without duplicates
Initial number of metric columns: 67
Initial number of rows: 14559
Total number of bugs: 748

Initial variable columns: 67
    lines_added
    lines_deleted
    comments_added
    comments_deleted
    commits
    bug_fixes
    avg_time_between_changes
    dev_expertise_avg
    dev_expertise_min
    developer_count
    commits_global
    avg_time_between_changes_global
    developer_count_global
    AvgCountLine
    AvgCountLineBlank
    AvgCountLineCode
    AvgCountLineComment
    AvgCyclomatic
    AvgCyclomaticModified
    AvgCyclomaticStrict
    AvgEssential
    CountClassBase
    CountClassCoupled
    CountClassDerived
    CountDeclClass
    CountDeclClassMethod
    CountDeclClassVariable
    CountDeclFunction
    CountDeclInstanceMethod
    CountDeclInstanceVariable
    CountDeclMethod
    CountDeclMethodDefault
    CountDeclMethodPrivate
    CountDeclMethodProtected
    CountDeclMethodPublic
    CountLine
    CountLineBlank
    CountLineCode
    CountLineCodeDecl
    CountLineCodeExe
    CountLineComment
    CountSemicolon
    CountStmt
    CountStmtDecl
    CountStmtExe
    MaxCyclomatic
    MaxCyclomaticModified
    MaxCyclomaticStrict
    MaxInheritanceTree
    PercentLackOfCohesion
    RatioCommentToCode
    SumCyclomatic
    SumCyclomaticModified
    SumCyclomaticStrict
    SumEssential
    CountInputMin
    CountInputMean
    CountInputMax
    CountOutputMin
    CountOutputMean
    CountOutputMax
    CountPathMin-divided-by-10,000
    CountPathMean-divided-by-100,000
    CountPathMax-divided-by-1,000,000
    MaxNestingMin
    MaxNestingMean
    MaxNestingMax

Drop all NaN columns
Remaining columns (67):
    lines_added
    lines_deleted
    comments_added
    comments_deleted
    commits
    bug_fixes
    avg_time_between_changes
    dev_expertise_avg
    dev_expertise_min
    developer_count
    commits_global
    avg_time_between_changes_global
    developer_count_global
    AvgCountLine
    AvgCountLineBlank
    AvgCountLineCode
    AvgCountLineComment
    AvgCyclomatic
    AvgCyclomaticModified
    AvgCyclomaticStrict
    AvgEssential
    CountClassBase
    CountClassCoupled
    CountClassDerived
    CountDeclClass
    CountDeclClassMethod
    CountDeclClassVariable
    CountDeclFunction
    CountDeclInstanceMethod
    CountDeclInstanceVariable
    CountDeclMethod
    CountDeclMethodDefault
    CountDeclMethodPrivate
    CountDeclMethodProtected
    CountDeclMethodPublic
    CountLine
    CountLineBlank
    CountLineCode
    CountLineCodeDecl
    CountLineCodeExe
    CountLineComment
    CountSemicolon
    CountStmt
    CountStmtDecl
    CountStmtExe
    MaxCyclomatic
    MaxCyclomaticModified
    MaxCyclomaticStrict
    MaxInheritanceTree
    PercentLackOfCohesion
    RatioCommentToCode
    SumCyclomatic
    SumCyclomaticModified
    SumCyclomaticStrict
    SumEssential
    CountInputMin
    CountInputMean
    CountInputMax
    CountOutputMin
    CountOutputMean
    CountOutputMax
    CountPathMin-divided-by-10,000
    CountPathMean-divided-by-100,000
    CountPathMax-divided-by-1,000,000
    MaxNestingMin
    MaxNestingMean
    MaxNestingMax
Dropped all NaN columns (0):

Columns with missing values:
    lines_added: 0
    lines_deleted: 0
    comments_added: 0
    comments_deleted: 0
    commits: 0
    bug_fixes: 0
    avg_time_between_changes: 0
    dev_expertise_avg: 0
    dev_expertise_min: 0
    developer_count: 0
    commits_global: 0
    avg_time_between_changes_global: 0
    developer_count_global: 0
    AvgCountLine: 0
    AvgCountLineBlank: 0
    AvgCountLineCode: 0
    AvgCountLineComment: 0
    AvgCyclomatic: 0
    AvgCyclomaticModified: 0
    AvgCyclomaticStrict: 0
    AvgEssential: 0
    CountClassBase: 0
    CountClassCoupled: 0
    CountClassDerived: 0
    CountDeclClass: 0
    CountDeclClassMethod: 0
    CountDeclClassVariable: 0
    CountDeclFunction: 0
    CountDeclInstanceMethod: 0
    CountDeclInstanceVariable: 0
    CountDeclMethod: 0
    CountDeclMethodDefault: 0
    CountDeclMethodPrivate: 0
    CountDeclMethodProtected: 0
    CountDeclMethodPublic: 0
    CountLine: 0
    CountLineBlank: 0
    CountLineCode: 0
    CountLineCodeDecl: 0
    CountLineCodeExe: 0
    CountLineComment: 0
    CountSemicolon: 0
    CountStmt: 0
    CountStmtDecl: 0
    CountStmtExe: 0
    MaxCyclomatic: 0
    MaxCyclomaticModified: 0
    MaxCyclomaticStrict: 0
    MaxInheritanceTree: 0
    PercentLackOfCohesion: 0
    RatioCommentToCode: 0
    SumCyclomatic: 0
    SumCyclomaticModified: 0
    SumCyclomaticStrict: 0
    SumEssential: 0
    CountInputMin: 0
    CountInputMean: 0
    CountInputMax: 0
    CountOutputMin: 0
    CountOutputMean: 0
    CountOutputMax: 0
    CountPathMin-divided-by-10,000: 0
    CountPathMean-divided-by-100,000: 0
    CountPathMax-divided-by-1,000,000: 0
    MaxNestingMin: 0
    MaxNestingMean: 0
    MaxNestingMax: 0
Total rows with missing values removed: 0
Total rows remaining: 14559

Correlated columns to be dropped:
    lines_deleted, correlated to: ['lines_added']
    comments_deleted, correlated to: ['comments_added']
    bug_fixes, correlated to: ['commits']
    developer_count, correlated to: ['commits', 'bug_fixes']
    commits_global, correlated to: ['commits', 'bug_fixes', 'developer_count']
    avg_time_between_changes_global, correlated to: ['avg_time_between_changes']
    developer_count_global, correlated to: ['commits', 'bug_fixes', 'developer_count', 'commits_global']
    AvgCountLineBlank, correlated to: ['AvgCountLine']
    AvgCountLineCode, correlated to: ['AvgCountLine', 'AvgCountLineBlank']
    AvgCountLineComment, correlated to: ['AvgCountLine']
    AvgCyclomatic, correlated to: ['AvgCountLine', 'AvgCountLineCode']
    AvgCyclomaticModified, correlated to: ['AvgCountLine', 'AvgCountLineCode', 'AvgCyclomatic']
    AvgCyclomaticStrict, correlated to: ['AvgCountLine', 'AvgCountLineCode', 'AvgCyclomatic', 'AvgCyclomaticModified']
    AvgEssential, correlated to: ['AvgCyclomatic', 'AvgCyclomaticModified', 'AvgCyclomaticStrict']
    CountClassBase, correlated to: ['AvgEssential']
    CountClassCoupled, correlated to: ['AvgCountLine', 'AvgCountLineCode', 'AvgCyclomaticModified']
    CountDeclClassMethod, correlated to: ['CountDeclClass']
    CountDeclClassVariable, correlated to: ['CountDeclClass', 'CountDeclClassMethod']
    CountDeclFunction, correlated to: ['CountDeclClass', 'CountDeclClassMethod', 'CountDeclClassVariable']
    CountDeclInstanceMethod, correlated to: ['lines_added', 'CountDeclClass', 'CountDeclClassMethod', 'CountDeclClassVariable', 'CountDeclFunction']
    CountDeclInstanceVariable, correlated to: ['CountDeclClass', 'CountDeclClassMethod', 'CountDeclClassVariable', 'CountDeclFunction', 'CountDeclInstanceMethod']
    CountDeclMethod, correlated to: ['CountDeclClass', 'CountDeclClassMethod', 'CountDeclClassVariable', 'CountDeclFunction', 'CountDeclInstanceMethod', 'CountDeclInstanceVariable']
    CountDeclMethodDefault, correlated to: ['CountDeclClassMethod']
    CountDeclMethodPrivate, correlated to: ['CountDeclClass', 'CountDeclClassMethod', 'CountDeclClassVariable', 'CountDeclFunction', 'CountDeclInstanceMethod', 'CountDeclInstanceVariable', 'CountDeclMethod', 'CountDeclMethodDefault']
    CountDeclMethodProtected, correlated to: ['CountDeclClass', 'CountDeclClassMethod', 'CountDeclClassVariable', 'CountDeclFunction', 'CountDeclInstanceMethod', 'CountDeclInstanceVariable', 'CountDeclMethod', 'CountDeclMethodDefault', 'CountDeclMethodPrivate']
    CountDeclMethodPublic, correlated to: ['lines_added', 'CountDeclClass', 'CountDeclClassMethod', 'CountDeclClassVariable', 'CountDeclFunction', 'CountDeclInstanceMethod', 'CountDeclInstanceVariable', 'CountDeclMethod', 'CountDeclMethodPrivate', 'CountDeclMethodProtected']
    CountLine, correlated to: ['lines_added', 'CountDeclClass', 'CountDeclClassMethod', 'CountDeclClassVariable', 'CountDeclFunction', 'CountDeclInstanceMethod', 'CountDeclInstanceVariable', 'CountDeclMethod', 'CountDeclMethodPrivate', 'CountDeclMethodProtected', 'CountDeclMethodPublic']
    CountLineBlank, correlated to: ['lines_added', 'CountDeclClass', 'CountDeclClassMethod', 'CountDeclClassVariable', 'CountDeclFunction', 'CountDeclInstanceMethod', 'CountDeclInstanceVariable', 'CountDeclMethod', 'CountDeclMethodPrivate', 'CountDeclMethodProtected', 'CountDeclMethodPublic', 'CountLine']
    CountLineCode, correlated to: ['lines_added', 'CountDeclClass', 'CountDeclClassMethod', 'CountDeclClassVariable', 'CountDeclFunction', 'CountDeclInstanceMethod', 'CountDeclInstanceVariable', 'CountDeclMethod', 'CountDeclMethodPrivate', 'CountDeclMethodProtected', 'CountDeclMethodPublic', 'CountLine', 'CountLineBlank']
    CountLineCodeDecl, correlated to: ['CountDeclClass', 'CountDeclClassMethod', 'CountDeclClassVariable', 'CountDeclFunction', 'CountDeclInstanceMethod', 'CountDeclInstanceVariable', 'CountDeclMethod', 'CountDeclMethodPrivate', 'CountDeclMethodProtected', 'CountDeclMethodPublic', 'CountLine', 'CountLineBlank', 'CountLineCode']
    CountLineCodeExe, correlated to: ['lines_added', 'CountDeclClass', 'CountDeclClassMethod', 'CountDeclClassVariable', 'CountDeclFunction', 'CountDeclInstanceMethod', 'CountDeclInstanceVariable', 'CountDeclMethod', 'CountDeclMethodPrivate', 'CountDeclMethodProtected', 'CountDeclMethodPublic', 'CountLine', 'CountLineBlank', 'CountLineCode', 'CountLineCodeDecl']
    CountLineComment, correlated to: ['CountDeclClass', 'CountDeclClassMethod', 'CountDeclClassVariable', 'CountDeclFunction', 'CountDeclInstanceMethod', 'CountDeclInstanceVariable', 'CountDeclMethod', 'CountDeclMethodDefault', 'CountDeclMethodPrivate', 'CountDeclMethodProtected', 'CountDeclMethodPublic', 'CountLine', 'CountLineBlank', 'CountLineCode', 'CountLineCodeDecl', 'CountLineCodeExe']
    CountSemicolon, correlated to: ['lines_added', 'CountDeclClass', 'CountDeclClassMethod', 'CountDeclClassVariable', 'CountDeclFunction', 'CountDeclInstanceMethod', 'CountDeclInstanceVariable', 'CountDeclMethod', 'CountDeclMethodPrivate', 'CountDeclMethodProtected', 'CountDeclMethodPublic', 'CountLine', 'CountLineBlank', 'CountLineCode', 'CountLineCodeDecl', 'CountLineCodeExe', 'CountLineComment']
    CountStmt, correlated to: ['lines_added', 'CountDeclClass', 'CountDeclClassMethod', 'CountDeclClassVariable', 'CountDeclFunction', 'CountDeclInstanceMethod', 'CountDeclInstanceVariable', 'CountDeclMethod', 'CountDeclMethodPrivate', 'CountDeclMethodProtected', 'CountDeclMethodPublic', 'CountLine', 'CountLineBlank', 'CountLineCode', 'CountLineCodeDecl', 'CountLineCodeExe', 'CountLineComment', 'CountSemicolon']
    CountStmtDecl, correlated to: ['lines_added', 'CountDeclClass', 'CountDeclClassMethod', 'CountDeclClassVariable', 'CountDeclFunction', 'CountDeclInstanceMethod', 'CountDeclInstanceVariable', 'CountDeclMethod', 'CountDeclMethodPrivate', 'CountDeclMethodProtected', 'CountDeclMethodPublic', 'CountLine', 'CountLineBlank', 'CountLineCode', 'CountLineCodeDecl', 'CountLineCodeExe', 'CountLineComment', 'CountSemicolon', 'CountStmt']
    CountStmtExe, correlated to: ['lines_added', 'CountDeclClass', 'CountDeclClassMethod', 'CountDeclClassVariable', 'CountDeclFunction', 'CountDeclInstanceMethod', 'CountDeclInstanceVariable', 'CountDeclMethod', 'CountDeclMethodPrivate', 'CountDeclMethodProtected', 'CountDeclMethodPublic', 'CountLine', 'CountLineBlank', 'CountLineCode', 'CountLineCodeDecl', 'CountLineCodeExe', 'CountLineComment', 'CountSemicolon', 'CountStmt', 'CountStmtDecl']
    MaxCyclomatic, correlated to: ['AvgCyclomatic', 'AvgCyclomaticModified', 'AvgCyclomaticStrict']
    MaxCyclomaticModified, correlated to: ['AvgCyclomatic', 'AvgCyclomaticModified', 'AvgCyclomaticStrict', 'MaxCyclomatic']
    MaxCyclomaticStrict, correlated to: ['AvgCyclomatic', 'AvgCyclomaticStrict', 'MaxCyclomatic', 'MaxCyclomaticModified']
    MaxInheritanceTree, correlated to: ['CountClassBase']
    SumCyclomatic, correlated to: ['lines_added', 'CountDeclClass', 'CountDeclClassMethod', 'CountDeclClassVariable', 'CountDeclFunction', 'CountDeclInstanceMethod', 'CountDeclInstanceVariable', 'CountDeclMethod', 'CountDeclMethodPrivate', 'CountDeclMethodProtected', 'CountDeclMethodPublic', 'CountLine', 'CountLineBlank', 'CountLineCode', 'CountLineCodeDecl', 'CountLineCodeExe', 'CountLineComment', 'CountSemicolon', 'CountStmt', 'CountStmtDecl', 'CountStmtExe']
    SumCyclomaticModified, correlated to: ['lines_added', 'CountDeclClass', 'CountDeclClassMethod', 'CountDeclClassVariable', 'CountDeclFunction', 'CountDeclInstanceMethod', 'CountDeclInstanceVariable', 'CountDeclMethod', 'CountDeclMethodPrivate', 'CountDeclMethodProtected', 'CountDeclMethodPublic', 'CountLine', 'CountLineBlank', 'CountLineCode', 'CountLineCodeDecl', 'CountLineCodeExe', 'CountLineComment', 'CountSemicolon', 'CountStmt', 'CountStmtDecl', 'CountStmtExe', 'SumCyclomatic']
    SumCyclomaticStrict, correlated to: ['lines_added', 'CountDeclClass', 'CountDeclClassMethod', 'CountDeclClassVariable', 'CountDeclFunction', 'CountDeclInstanceMethod', 'CountDeclInstanceVariable', 'CountDeclMethod', 'CountDeclMethodPrivate', 'CountDeclMethodProtected', 'CountDeclMethodPublic', 'CountLine', 'CountLineBlank', 'CountLineCode', 'CountLineCodeDecl', 'CountLineCodeExe', 'CountLineComment', 'CountSemicolon', 'CountStmt', 'CountStmtDecl', 'CountStmtExe', 'SumCyclomatic', 'SumCyclomaticModified']
    SumEssential, correlated to: ['lines_added', 'CountDeclClass', 'CountDeclClassMethod', 'CountDeclClassVariable', 'CountDeclFunction', 'CountDeclInstanceMethod', 'CountDeclInstanceVariable', 'CountDeclMethod', 'CountDeclMethodPrivate', 'CountDeclMethodProtected', 'CountDeclMethodPublic', 'CountLine', 'CountLineBlank', 'CountLineCode', 'CountLineCodeDecl', 'CountLineCodeExe', 'CountLineComment', 'CountSemicolon', 'CountStmt', 'CountStmtDecl', 'CountStmtExe', 'SumCyclomatic', 'SumCyclomaticModified', 'SumCyclomaticStrict']
    CountInputMean, correlated to: ['CountInputMin']
    CountOutputMean, correlated to: ['AvgCountLine', 'AvgCountLineCode', 'AvgCyclomatic', 'AvgCyclomaticModified', 'AvgCyclomaticStrict', 'CountClassCoupled', 'CountOutputMin']
    MaxNestingMean, correlated to: ['AvgCountLine', 'AvgCyclomatic', 'AvgCyclomaticModified', 'AvgCyclomaticStrict', 'CountInputMean', 'CountOutputMean']
    MaxNestingMax, correlated to: ['AvgCyclomaticModified', 'MaxCyclomaticModified', 'CountOutputMax', 'MaxNestingMean']

Remove outliers:
    Initial number of rows in the filtered_dataset: 14559
    Initial number of .java files with bug in the filtered_dataset: 748
    IQR_method n argument: 20
    Total number of outliers is: 0
    Final number of rows in the filtered_dataset: 14559
    Final number of .java files with bug in the filtered_dataset: 748

Drop same value columns after outliers removal
Initial columns: 19
    lines_added
    comments_added
    commits
    avg_time_between_changes
    dev_expertise_avg
    dev_expertise_min
    AvgCountLine
    CountClassDerived
    CountDeclClass
    PercentLackOfCohesion
    RatioCommentToCode
    CountInputMin
    CountInputMax
    CountOutputMin
    CountOutputMax
    CountPathMin-divided-by-10,000
    CountPathMean-divided-by-100,000
    CountPathMax-divided-by-1,000,000
    MaxNestingMin
Remaining columns (17):
    lines_added
    comments_added
    commits
    avg_time_between_changes
    AvgCountLine
    CountClassDerived
    CountDeclClass
    PercentLackOfCohesion
    RatioCommentToCode
    CountInputMin
    CountInputMax
    CountOutputMin
    CountOutputMax
    CountPathMin-divided-by-10,000
    CountPathMean-divided-by-100,000
    CountPathMax-divided-by-1,000,000
    MaxNestingMin
Dropped same value columns (2):
    dev_expertise_avg
    dev_expertise_min

Variables range:
    lines_added: 0 - 205498
    comments_added: 0 - 2243
    commits: 0 - 658
    avg_time_between_changes: 0.0 - 2598.0
    AvgCountLine: 0.0 - 355.0
    CountClassDerived: 0.0 - 34.0
    CountDeclClass: 0.0 - 2105.0
    PercentLackOfCohesion: 0.0 - 100.0
    RatioCommentToCode: 0.0 - 68.0
    CountInputMin: 0.0 - 40.0
    CountInputMax: 0.0 - 371.0
    CountOutputMin: 0.0 - 73.0
    CountOutputMax: 0.0 - 173.0
    CountPathMin-divided-by-10,000: -208037 - 136
    CountPathMean-divided-by-100,000: -147 - 478
    CountPathMax-divided-by-1,000,000: 0 - 1000
    MaxNestingMin: 0.0 - 7.0

random_forest_clf best params: {'bootstrap': True, 'ccp_alpha': 0.0, 'class_weight': None, 'criterion': 'gini', 'max_depth': 2, 'max_features': 'sqrt', 'max_leaf_nodes': None, 'max_samples': None, 'min_impurity_decrease': 0.0, 'min_samples_leaf': 1, 'min_samples_split': 2, 'min_weight_fraction_leaf': 0.0, 'monotonic_cst': None, 'n_estimators': 100, 'n_jobs': None, 'oob_score': False, 'random_state': 0, 'verbose': 0, 'warm_start': False}
Random Forest Cross Validation Precision scores are: [1.   1.   1.   1.   1.   1.   0.75 1.   1.   1.  ]
Random Forest Average Cross Validation Precision score: 0.975
Random Forest Cross Validation Precision standard deviation: 0.07905694150420949
Random Forest Cross Validation Recall scores are: [0.03921569 0.02040816 0.03846154 0.06451613 0.0212766  0.04
 0.05357143 0.01886792 0.01851852 0.04      ]
Random Forest Average Cross Validation Recall score: 0.03548359843965422
Random Forest Cross Validation Recall standard deviation: 0.0157291379699725
Random Forest classifier performance:
precision: [0.95174632 0.875     ]
recall: [0.99951737 0.0625    ]
fscore: [0.97504708 0.11666667]
support: [4144  224]

Random Forest classifier performance:
precision: 0.875
recall: 0.0625
fscore: 0.11666666666666667
support: None

Random Forest AUC: 0.9507867441740209

Random Forest classifier performance:
Random Forest Average Cross Validation Precision score: 97.5
Random Forest Average Cross Validation Recall score: 3.5
Random Forest AUC: 95.1
precision: 87.5
recall: 6.2

