VERSION: 2.1.0

Total number of .java files: 15497
Number of .java files in the "fBugs_2.1.0.csv": 647
Number of .java files with bug in the filtered_dataset: 739
Missing .java files in the filtered_dataset:
    VectorizedOrcAcidRowBatchReader.java
    TablePropertyEnrichmentOptimizer.java
    MetastoreDelegationTokenManager.java
    TestJdbcWithDBTokenStoreNoDoAs.java
    TestResetProcessor.java
    CalciteViewSemanticException.java
    GenericUDFOPNotEqualNS.java
    TestHadoopFileStatus.java
    VectorUDFDayOfWeekDate.java
    VectorUDFDayOfWeekString.java
    VectorUDFDayOfWeekTimestamp.java
    UDFDayOfWeek.java
    CheckFastRowHashMap.java
    VerifyFastRow.java
    TestMiniHS2StateWithNoZookeeper.java
    TestGenericUDFMapValues.java
    TestOrcTimezone3.java
    IndexResult.java
    SplitFilter.java
    MockHiveInputSplits.java
    MockIndexResult.java
    MockInputFile.java
    SplitFilterTestCase.java
    TestHiveInputSplitComparator.java
    TestSplitFilter.java
    TestSchemaEvolution.java
    TestCustomPartitionVertex.java
    StatsRecordingThreadPool.java

Number of combined rows for current and previous versions without duplicates
Initial number of metric columns: 67
Initial number of rows: 15497
Total number of bugs: 739

Initial variable columns: 67
    lines_added
    lines_deleted
    comments_added
    comments_deleted
    commits
    bug_fixes
    avg_time_between_changes
    dev_expertise_avg
    dev_expertise_min
    developer_count
    commits_global
    avg_time_between_changes_global
    developer_count_global
    AvgCountLine
    AvgCountLineBlank
    AvgCountLineCode
    AvgCountLineComment
    AvgCyclomatic
    AvgCyclomaticModified
    AvgCyclomaticStrict
    AvgEssential
    CountClassBase
    CountClassCoupled
    CountClassDerived
    CountDeclClass
    CountDeclClassMethod
    CountDeclClassVariable
    CountDeclFunction
    CountDeclInstanceMethod
    CountDeclInstanceVariable
    CountDeclMethod
    CountDeclMethodDefault
    CountDeclMethodPrivate
    CountDeclMethodProtected
    CountDeclMethodPublic
    CountLine
    CountLineBlank
    CountLineCode
    CountLineCodeDecl
    CountLineCodeExe
    CountLineComment
    CountSemicolon
    CountStmt
    CountStmtDecl
    CountStmtExe
    MaxCyclomatic
    MaxCyclomaticModified
    MaxCyclomaticStrict
    MaxInheritanceTree
    PercentLackOfCohesion
    RatioCommentToCode
    SumCyclomatic
    SumCyclomaticModified
    SumCyclomaticStrict
    SumEssential
    CountInputMin
    CountInputMean
    CountInputMax
    CountOutputMin
    CountOutputMean
    CountOutputMax
    CountPathMin-divided-by-10,000
    CountPathMean-divided-by-1,000,000
    CountPathMax-divided-by-1,000,000
    MaxNestingMin
    MaxNestingMean
    MaxNestingMax

Drop all NaN columns
Remaining columns (67):
    lines_added
    lines_deleted
    comments_added
    comments_deleted
    commits
    bug_fixes
    avg_time_between_changes
    dev_expertise_avg
    dev_expertise_min
    developer_count
    commits_global
    avg_time_between_changes_global
    developer_count_global
    AvgCountLine
    AvgCountLineBlank
    AvgCountLineCode
    AvgCountLineComment
    AvgCyclomatic
    AvgCyclomaticModified
    AvgCyclomaticStrict
    AvgEssential
    CountClassBase
    CountClassCoupled
    CountClassDerived
    CountDeclClass
    CountDeclClassMethod
    CountDeclClassVariable
    CountDeclFunction
    CountDeclInstanceMethod
    CountDeclInstanceVariable
    CountDeclMethod
    CountDeclMethodDefault
    CountDeclMethodPrivate
    CountDeclMethodProtected
    CountDeclMethodPublic
    CountLine
    CountLineBlank
    CountLineCode
    CountLineCodeDecl
    CountLineCodeExe
    CountLineComment
    CountSemicolon
    CountStmt
    CountStmtDecl
    CountStmtExe
    MaxCyclomatic
    MaxCyclomaticModified
    MaxCyclomaticStrict
    MaxInheritanceTree
    PercentLackOfCohesion
    RatioCommentToCode
    SumCyclomatic
    SumCyclomaticModified
    SumCyclomaticStrict
    SumEssential
    CountInputMin
    CountInputMean
    CountInputMax
    CountOutputMin
    CountOutputMean
    CountOutputMax
    CountPathMin-divided-by-10,000
    CountPathMean-divided-by-1,000,000
    CountPathMax-divided-by-1,000,000
    MaxNestingMin
    MaxNestingMean
    MaxNestingMax
Dropped all NaN columns (0):

Columns with missing values:
    lines_added: 0
    lines_deleted: 0
    comments_added: 0
    comments_deleted: 0
    commits: 0
    bug_fixes: 0
    avg_time_between_changes: 0
    dev_expertise_avg: 0
    dev_expertise_min: 0
    developer_count: 0
    commits_global: 0
    avg_time_between_changes_global: 0
    developer_count_global: 0
    AvgCountLine: 0
    AvgCountLineBlank: 0
    AvgCountLineCode: 0
    AvgCountLineComment: 0
    AvgCyclomatic: 0
    AvgCyclomaticModified: 0
    AvgCyclomaticStrict: 0
    AvgEssential: 0
    CountClassBase: 0
    CountClassCoupled: 0
    CountClassDerived: 0
    CountDeclClass: 0
    CountDeclClassMethod: 0
    CountDeclClassVariable: 0
    CountDeclFunction: 0
    CountDeclInstanceMethod: 0
    CountDeclInstanceVariable: 0
    CountDeclMethod: 0
    CountDeclMethodDefault: 0
    CountDeclMethodPrivate: 0
    CountDeclMethodProtected: 0
    CountDeclMethodPublic: 0
    CountLine: 0
    CountLineBlank: 0
    CountLineCode: 0
    CountLineCodeDecl: 0
    CountLineCodeExe: 0
    CountLineComment: 0
    CountSemicolon: 0
    CountStmt: 0
    CountStmtDecl: 0
    CountStmtExe: 0
    MaxCyclomatic: 0
    MaxCyclomaticModified: 0
    MaxCyclomaticStrict: 0
    MaxInheritanceTree: 0
    PercentLackOfCohesion: 0
    RatioCommentToCode: 0
    SumCyclomatic: 0
    SumCyclomaticModified: 0
    SumCyclomaticStrict: 0
    SumEssential: 0
    CountInputMin: 0
    CountInputMean: 0
    CountInputMax: 0
    CountOutputMin: 0
    CountOutputMean: 0
    CountOutputMax: 0
    CountPathMin-divided-by-10,000: 0
    CountPathMean-divided-by-1,000,000: 0
    CountPathMax-divided-by-1,000,000: 0
    MaxNestingMin: 0
    MaxNestingMean: 0
    MaxNestingMax: 0
Total rows with missing values removed: 0
Total rows remaining: 15497

Correlated columns to be dropped:
    lines_deleted, correlated to: ['lines_added']
    dev_expertise_min, correlated to: ['dev_expertise_avg']
    developer_count, correlated to: ['commits']
    commits_global, correlated to: ['commits']
    developer_count_global, correlated to: ['commits_global']
    AvgCountLineBlank, correlated to: ['AvgCountLine']
    AvgCountLineCode, correlated to: ['AvgCountLine', 'AvgCountLineBlank']
    AvgCountLineComment, correlated to: ['AvgCountLine']
    AvgCyclomatic, correlated to: ['AvgCountLine', 'AvgCountLineCode']
    AvgCyclomaticModified, correlated to: ['AvgCountLine', 'AvgCountLineCode', 'AvgCyclomatic']
    AvgCyclomaticStrict, correlated to: ['AvgCountLine', 'AvgCountLineCode', 'AvgCyclomatic', 'AvgCyclomaticModified']
    AvgEssential, correlated to: ['AvgCyclomatic', 'AvgCyclomaticModified', 'AvgCyclomaticStrict']
    CountClassBase, correlated to: ['AvgEssential']
    CountClassCoupled, correlated to: ['AvgCountLine', 'AvgCountLineCode', 'AvgCyclomaticModified']
    CountDeclClassMethod, correlated to: ['CountDeclClass']
    CountDeclClassVariable, correlated to: ['CountDeclClass', 'CountDeclClassMethod']
    CountDeclFunction, correlated to: ['CountDeclClass', 'CountDeclClassMethod', 'CountDeclClassVariable']
    CountDeclInstanceMethod, correlated to: ['CountDeclClass', 'CountDeclClassMethod', 'CountDeclClassVariable', 'CountDeclFunction']
    CountDeclInstanceVariable, correlated to: ['CountDeclClass', 'CountDeclClassMethod', 'CountDeclClassVariable', 'CountDeclFunction', 'CountDeclInstanceMethod']
    CountDeclMethod, correlated to: ['CountDeclClass', 'CountDeclClassMethod', 'CountDeclClassVariable', 'CountDeclFunction', 'CountDeclInstanceMethod', 'CountDeclInstanceVariable']
    CountDeclMethodDefault, correlated to: ['CountDeclClassMethod']
    CountDeclMethodPrivate, correlated to: ['CountDeclClass', 'CountDeclClassMethod', 'CountDeclClassVariable', 'CountDeclFunction', 'CountDeclInstanceMethod', 'CountDeclInstanceVariable', 'CountDeclMethod', 'CountDeclMethodDefault']
    CountDeclMethodProtected, correlated to: ['CountDeclClass', 'CountDeclClassMethod', 'CountDeclClassVariable', 'CountDeclFunction', 'CountDeclInstanceMethod', 'CountDeclInstanceVariable', 'CountDeclMethod', 'CountDeclMethodDefault', 'CountDeclMethodPrivate']
    CountDeclMethodPublic, correlated to: ['CountDeclClass', 'CountDeclClassMethod', 'CountDeclClassVariable', 'CountDeclFunction', 'CountDeclInstanceMethod', 'CountDeclInstanceVariable', 'CountDeclMethod', 'CountDeclMethodPrivate', 'CountDeclMethodProtected']
    CountLine, correlated to: ['CountDeclClass', 'CountDeclClassMethod', 'CountDeclClassVariable', 'CountDeclFunction', 'CountDeclInstanceMethod', 'CountDeclInstanceVariable', 'CountDeclMethod', 'CountDeclMethodPrivate', 'CountDeclMethodProtected', 'CountDeclMethodPublic']
    CountLineBlank, correlated to: ['CountDeclClass', 'CountDeclClassMethod', 'CountDeclClassVariable', 'CountDeclFunction', 'CountDeclInstanceMethod', 'CountDeclInstanceVariable', 'CountDeclMethod', 'CountDeclMethodPrivate', 'CountDeclMethodProtected', 'CountDeclMethodPublic', 'CountLine']
    CountLineCode, correlated to: ['CountDeclClass', 'CountDeclClassMethod', 'CountDeclClassVariable', 'CountDeclFunction', 'CountDeclInstanceMethod', 'CountDeclInstanceVariable', 'CountDeclMethod', 'CountDeclMethodPrivate', 'CountDeclMethodProtected', 'CountDeclMethodPublic', 'CountLine', 'CountLineBlank']
    CountLineCodeDecl, correlated to: ['CountDeclClass', 'CountDeclClassMethod', 'CountDeclClassVariable', 'CountDeclFunction', 'CountDeclInstanceMethod', 'CountDeclInstanceVariable', 'CountDeclMethod', 'CountDeclMethodPrivate', 'CountDeclMethodProtected', 'CountDeclMethodPublic', 'CountLine', 'CountLineBlank', 'CountLineCode']
    CountLineCodeExe, correlated to: ['CountDeclClass', 'CountDeclClassMethod', 'CountDeclClassVariable', 'CountDeclFunction', 'CountDeclInstanceMethod', 'CountDeclInstanceVariable', 'CountDeclMethod', 'CountDeclMethodPrivate', 'CountDeclMethodProtected', 'CountDeclMethodPublic', 'CountLine', 'CountLineBlank', 'CountLineCode', 'CountLineCodeDecl']
    CountLineComment, correlated to: ['CountDeclClass', 'CountDeclClassMethod', 'CountDeclClassVariable', 'CountDeclFunction', 'CountDeclInstanceMethod', 'CountDeclInstanceVariable', 'CountDeclMethod', 'CountDeclMethodDefault', 'CountDeclMethodPrivate', 'CountDeclMethodProtected', 'CountDeclMethodPublic', 'CountLine', 'CountLineBlank', 'CountLineCode', 'CountLineCodeDecl', 'CountLineCodeExe']
    CountSemicolon, correlated to: ['CountDeclClass', 'CountDeclClassMethod', 'CountDeclClassVariable', 'CountDeclFunction', 'CountDeclInstanceMethod', 'CountDeclInstanceVariable', 'CountDeclMethod', 'CountDeclMethodPrivate', 'CountDeclMethodProtected', 'CountDeclMethodPublic', 'CountLine', 'CountLineBlank', 'CountLineCode', 'CountLineCodeDecl', 'CountLineCodeExe', 'CountLineComment']
    CountStmt, correlated to: ['CountDeclClass', 'CountDeclClassMethod', 'CountDeclClassVariable', 'CountDeclFunction', 'CountDeclInstanceMethod', 'CountDeclInstanceVariable', 'CountDeclMethod', 'CountDeclMethodPrivate', 'CountDeclMethodProtected', 'CountDeclMethodPublic', 'CountLine', 'CountLineBlank', 'CountLineCode', 'CountLineCodeDecl', 'CountLineCodeExe', 'CountLineComment', 'CountSemicolon']
    CountStmtDecl, correlated to: ['CountDeclClass', 'CountDeclClassMethod', 'CountDeclClassVariable', 'CountDeclFunction', 'CountDeclInstanceMethod', 'CountDeclInstanceVariable', 'CountDeclMethod', 'CountDeclMethodPrivate', 'CountDeclMethodProtected', 'CountDeclMethodPublic', 'CountLine', 'CountLineBlank', 'CountLineCode', 'CountLineCodeDecl', 'CountLineCodeExe', 'CountLineComment', 'CountSemicolon', 'CountStmt']
    CountStmtExe, correlated to: ['CountDeclClass', 'CountDeclClassMethod', 'CountDeclClassVariable', 'CountDeclFunction', 'CountDeclInstanceMethod', 'CountDeclInstanceVariable', 'CountDeclMethod', 'CountDeclMethodPrivate', 'CountDeclMethodProtected', 'CountDeclMethodPublic', 'CountLine', 'CountLineBlank', 'CountLineCode', 'CountLineCodeDecl', 'CountLineCodeExe', 'CountLineComment', 'CountSemicolon', 'CountStmt', 'CountStmtDecl']
    MaxCyclomatic, correlated to: ['AvgCyclomatic', 'AvgCyclomaticModified', 'AvgCyclomaticStrict']
    MaxCyclomaticModified, correlated to: ['AvgCyclomatic', 'AvgCyclomaticModified', 'AvgCyclomaticStrict', 'MaxCyclomatic']
    MaxCyclomaticStrict, correlated to: ['AvgCyclomatic', 'AvgCyclomaticStrict', 'MaxCyclomatic', 'MaxCyclomaticModified']
    MaxInheritanceTree, correlated to: ['CountClassBase']
    SumCyclomatic, correlated to: ['CountDeclClass', 'CountDeclClassMethod', 'CountDeclClassVariable', 'CountDeclFunction', 'CountDeclInstanceMethod', 'CountDeclInstanceVariable', 'CountDeclMethod', 'CountDeclMethodPrivate', 'CountDeclMethodProtected', 'CountDeclMethodPublic', 'CountLine', 'CountLineBlank', 'CountLineCode', 'CountLineCodeDecl', 'CountLineCodeExe', 'CountLineComment', 'CountSemicolon', 'CountStmt', 'CountStmtDecl', 'CountStmtExe']
    SumCyclomaticModified, correlated to: ['CountDeclClass', 'CountDeclClassMethod', 'CountDeclClassVariable', 'CountDeclFunction', 'CountDeclInstanceMethod', 'CountDeclInstanceVariable', 'CountDeclMethod', 'CountDeclMethodPrivate', 'CountDeclMethodProtected', 'CountDeclMethodPublic', 'CountLine', 'CountLineBlank', 'CountLineCode', 'CountLineCodeDecl', 'CountLineCodeExe', 'CountLineComment', 'CountSemicolon', 'CountStmt', 'CountStmtDecl', 'CountStmtExe', 'SumCyclomatic']
    SumCyclomaticStrict, correlated to: ['CountDeclClass', 'CountDeclClassMethod', 'CountDeclClassVariable', 'CountDeclFunction', 'CountDeclInstanceMethod', 'CountDeclInstanceVariable', 'CountDeclMethod', 'CountDeclMethodPrivate', 'CountDeclMethodProtected', 'CountDeclMethodPublic', 'CountLine', 'CountLineBlank', 'CountLineCode', 'CountLineCodeDecl', 'CountLineCodeExe', 'CountLineComment', 'CountSemicolon', 'CountStmt', 'CountStmtDecl', 'CountStmtExe', 'SumCyclomatic', 'SumCyclomaticModified']
    SumEssential, correlated to: ['CountDeclClass', 'CountDeclClassMethod', 'CountDeclClassVariable', 'CountDeclFunction', 'CountDeclInstanceMethod', 'CountDeclInstanceVariable', 'CountDeclMethod', 'CountDeclMethodPrivate', 'CountDeclMethodProtected', 'CountDeclMethodPublic', 'CountLine', 'CountLineBlank', 'CountLineCode', 'CountLineCodeDecl', 'CountLineCodeExe', 'CountLineComment', 'CountSemicolon', 'CountStmt', 'CountStmtDecl', 'CountStmtExe', 'SumCyclomatic', 'SumCyclomaticModified', 'SumCyclomaticStrict']
    CountInputMean, correlated to: ['CountInputMin']
    CountOutputMean, correlated to: ['AvgCountLine', 'AvgCountLineCode', 'AvgCyclomatic', 'AvgCyclomaticModified', 'AvgCyclomaticStrict', 'CountClassCoupled', 'CountInputMean', 'CountOutputMin']
    MaxNestingMean, correlated to: ['AvgCountLine', 'AvgCyclomatic', 'AvgCyclomaticModified', 'AvgCyclomaticStrict', 'CountInputMean', 'CountOutputMean']
    MaxNestingMax, correlated to: ['AvgCyclomaticModified', 'MaxCyclomaticModified', 'CountOutputMax', 'MaxNestingMean']

Remove outliers:
    Initial number of rows in the filtered_dataset: 15497
    Initial number of .java files with bug in the filtered_dataset: 739
    IQR_method n argument: 20
    Total number of outliers is: 0
    Final number of rows in the filtered_dataset: 15497
    Final number of .java files with bug in the filtered_dataset: 739

Drop same value columns after outliers removal
Initial columns: 21
    lines_added
    comments_added
    comments_deleted
    commits
    bug_fixes
    avg_time_between_changes
    dev_expertise_avg
    avg_time_between_changes_global
    AvgCountLine
    CountClassDerived
    CountDeclClass
    PercentLackOfCohesion
    RatioCommentToCode
    CountInputMin
    CountInputMax
    CountOutputMin
    CountOutputMax
    CountPathMin-divided-by-10,000
    CountPathMean-divided-by-1,000,000
    CountPathMax-divided-by-1,000,000
    MaxNestingMin
Remaining columns (21):
    lines_added
    comments_added
    comments_deleted
    commits
    bug_fixes
    avg_time_between_changes
    dev_expertise_avg
    avg_time_between_changes_global
    AvgCountLine
    CountClassDerived
    CountDeclClass
    PercentLackOfCohesion
    RatioCommentToCode
    CountInputMin
    CountInputMax
    CountOutputMin
    CountOutputMax
    CountPathMin-divided-by-10,000
    CountPathMean-divided-by-1,000,000
    CountPathMax-divided-by-1,000,000
    MaxNestingMin
Dropped same value columns (0):

Variables range:
    lines_added: 0.0 - 29342.0
    comments_added: 0.0 - 219.0
    comments_deleted: 0.0 - 62.0
    commits: 0.0 - 113.0
    bug_fixes: 0.0 - 6.0
    avg_time_between_changes: 0.0 - 287.0
    dev_expertise_avg: 0.0 - 1455.0
    avg_time_between_changes_global: 0.0 - 2598.0
    AvgCountLine: 0.0 - 355.0
    CountClassDerived: 0.0 - 34.0
    CountDeclClass: 0.0 - 2105.0
    PercentLackOfCohesion: 0.0 - 100.0
    RatioCommentToCode: 0.0 - 68.0
    CountInputMin: 0.0 - 40.0
    CountInputMax: 0.0 - 377.0
    CountOutputMin: 0.0 - 73.0
    CountOutputMax: 0.0 - 173.0
    CountPathMin-divided-by-10,000: -208037 - 136
    CountPathMean-divided-by-1,000,000: -15 - 200
    CountPathMax-divided-by-1,000,000: 0 - 1000
    MaxNestingMin: 0.0 - 7.0

random_forest_clf best params: {'bootstrap': True, 'ccp_alpha': 0.0, 'class_weight': None, 'criterion': 'gini', 'max_depth': 2, 'max_features': 'sqrt', 'max_leaf_nodes': None, 'max_samples': None, 'min_impurity_decrease': 0.0, 'min_samples_leaf': 1, 'min_samples_split': 2, 'min_weight_fraction_leaf': 0.0, 'monotonic_cst': None, 'n_estimators': 100, 'n_jobs': None, 'oob_score': False, 'random_state': 0, 'verbose': 0, 'warm_start': False}
Random Forest Cross Validation Precision scores are: [1. 1. 0. 1. 1. 1. 1. 1. 1. 1.]
Random Forest Average Cross Validation Precision score: 0.9
Random Forest Cross Validation Precision standard deviation: 0.31622776601683794
Random Forest Cross Validation Recall scores are: [0.05084746 0.08695652 0.         0.04411765 0.04444444 0.02040816
 0.05882353 0.03571429 0.06382979 0.04166667]
Random Forest Average Cross Validation Recall score: 0.04468085031615828
Random Forest Cross Validation Recall standard deviation: 0.023728454527091696
Random Forest classifier performance:
precision: [0.95490831 0.86666667]
recall: [0.99954833 0.05855856]
fscore: [0.97671853 0.10970464]
support: [4428  222]

Random Forest classifier performance:
precision: 0.8666666666666667
recall: 0.05855855855855856
fscore: 0.10970464135021098
support: None

Random Forest AUC: 0.9526080959007788

Random Forest classifier performance:
Random Forest Average Cross Validation Precision score: 90.0
Random Forest Average Cross Validation Recall score: 4.5
Random Forest AUC: 95.3
precision: 86.7
recall: 5.9

