VERSION: 3.0.0

Total number of .java files: 17650
Number of .java files in the "fBugs_3.0.0.csv": 4707
Number of .java files with bug in the filtered_dataset: 5419
Missing .java files in the filtered_dataset:
    TestTablesListByFilter.java
    ArrowColumnarBatchSerDe.java
    TestArrowColumnarBatchSerDe.java
    DriverTxnHandler.java
    HiveMaterializedViewUtils.java
    SkippingTextInputFormat.java
    TestLineBuffer.java
    TestSkippingTextInputFormat.java
    DriverUtils.java
    TestReplicationScenariosExternalTables.java
    TestReplicationScenariosIncrementalLoadAcidTables.java
    ReplExternalTables.java
    IncrementalLoadEventsIterator.java
    IncrementalLoadTasksBuilder.java
    ReplUtils.java
    UpdatePartColStatHandler.java
    UpdateTableColStatHandler.java
    SessionStream.java
    FetchGroups.java
    StatementVerifyingDerby.java
    TestObjectStoreStatementVerify.java
    TestTxnCommands3.java
    ReplDumpTaskTest.java
    TestBeelineSiteParser.java
    TestHiveProtoEventsCleanerTask.java
    HiveProtoEventsCleanerTask.java
    HiveSchemaToolCommandLine.java
    HiveSchemaToolTask.java
    HiveSchemaToolTaskAlterCatalog.java
    HiveSchemaToolTaskCreateCatalog.java
    HiveSchemaToolTaskInfo.java
    HiveSchemaToolTaskInit.java
    HiveSchemaToolTaskMoveDatabase.java
    HiveSchemaToolTaskMoveTable.java
    HiveSchemaToolTaskUpgrade.java
    HiveSchemaToolTaskValidate.java
    NonCatCallsWithCatalog.java
    InitializeTableWriteIdsRequest.java
    TestLazySimpleDeserializeRead.java
    Index.java
    TxnsSnapshot.java
    IfExprConditionalFilter.java
    IfExprIntervalDayTimeColumnColumn.java
    IfExprTimestampColumnColumnBase.java
    AlterIndexMessage.java
    CreateIndexMessage.java
    DropIndexMessage.java
    JSONAlterIndexMessage.java
    JSONCreateIndexMessage.java
    JSONDropIndexMessage.java
    Ftp.java
    CommandNeedRetryException.java
    QueryLifeTimeHookRunner.java
    ImportCommitTask.java
    ImportCommitWork.java
    IfExprIntervalDayTimeColumnScalar.java
    IfExprIntervalDayTimeScalarColumn.java
    IfExprIntervalDayTimeScalarScalar.java
    IfExprTimestampColumnScalar.java
    IfExprTimestampColumnScalarBase.java
    IfExprTimestampScalarColumn.java
    IfExprTimestampScalarColumnBase.java
    IfExprTimestampScalarScalar.java
    IfExprTimestampScalarScalarBase.java
    HooksLoader.java
    MaterializedViewRegistryUpdateHook.java
    AbstractIndexHandler.java
    AggregateIndexHandler.java
    HiveIndex.java
    HiveIndexHandler.java
    HiveIndexQueryContext.java
    HiveIndexResult.java
    HiveIndexedInputFormat.java
    IndexMetadataChangeTask.java
    IndexMetadataChangeWork.java
    IndexResult.java
    SplitFilter.java
    TableBasedIndexHandler.java
    BitmapIndexHandler.java
    BitmapInnerQuery.java
    BitmapObjectInput.java
    BitmapObjectOutput.java
    BitmapOuterQuery.java
    BitmapQuery.java
    CompactIndexHandler.java
    HiveCompactIndexInputFormat.java
    IndexUtils.java
    RewriteCanApplyCtx.java
    RewriteCanApplyProcFactory.java
    RewriteGBUsingIndex.java
    RewriteParseContextGenerator.java
    RewriteQueryUsingAggregateIndexCtx.java
    IndexWhereResolver.java
    IndexWhereProcCtx.java
    IndexWhereProcessor.java
    IndexWhereTaskDispatcher.java
    IndexUpdater.java
    AlterIndexDesc.java
    CreateIndexDesc.java
    DropIndexDesc.java
    ShowIndexesDesc.java
    AbstractGenericUDFEWAHBitmapBop.java
    GenericUDAFEWAHBitmap.java
    GenericUDFEWAHBitmapAnd.java
    GenericUDFEWAHBitmapEmpty.java
    GenericUDFEWAHBitmapOr.java
    MockIndexResult.java
    SplitFilterTestCase.java
    TestIndexType.java
    TestSplitFilter.java
    MaterializationInvalidationInfo.java
    TestHiveMetaStoreStatsMerge.java
    ColumnStatsTask.java
    AggrStatsInvalidatorFilter.java
    TestExport.java
    HiveDruidProjectFilterTransposeRule.java
    HiveMaterializedViewFilterScanRule.java
    MaterializedViewSubstitutionVisitor.java
    SubstitutionVisitor.java
    GenericJdbcDatabaseAccessorTest.java
    HiveWrapperTest.java
    CrossProductCheck.java
    VectorUDAFAvgDecimal.java
    VectorUDAFAvgTimestamp.java
    VectorUDAFStdPopTimestamp.java
    VectorUDAFStdSampTimestamp.java
    VectorUDAFVarPopTimestamp.java
    VectorUDAFVarSampTimestamp.java

Number of combined rows for current and previous versions without duplicates
Initial number of metric columns: 67
Initial number of rows: 17650
Total number of bugs: 5419

Initial variable columns: 67
    lines_added
    lines_deleted
    comments_added
    comments_deleted
    commits
    bug_fixes
    avg_time_between_changes
    dev_expertise_avg
    dev_expertise_min
    developer_count
    commits_global
    avg_time_between_changes_global
    developer_count_global
    AvgCountLine
    AvgCountLineBlank
    AvgCountLineCode
    AvgCountLineComment
    AvgCyclomatic
    AvgCyclomaticModified
    AvgCyclomaticStrict
    AvgEssential
    CountClassBase
    CountClassCoupled
    CountClassDerived
    CountDeclClass
    CountDeclClassMethod
    CountDeclClassVariable
    CountDeclFunction
    CountDeclInstanceMethod
    CountDeclInstanceVariable
    CountDeclMethod
    CountDeclMethodDefault
    CountDeclMethodPrivate
    CountDeclMethodProtected
    CountDeclMethodPublic
    CountLine
    CountLineBlank
    CountLineCode
    CountLineCodeDecl
    CountLineCodeExe
    CountLineComment
    CountSemicolon
    CountStmt
    CountStmtDecl
    CountStmtExe
    MaxCyclomatic
    MaxCyclomaticModified
    MaxCyclomaticStrict
    MaxInheritanceTree
    PercentLackOfCohesion
    RatioCommentToCode
    SumCyclomatic
    SumCyclomaticModified
    SumCyclomaticStrict
    SumEssential
    CountInputMin
    CountInputMean
    CountInputMax
    CountOutputMin
    CountOutputMean
    CountOutputMax
    CountPathMin
    CountPathMean-divided-by-1,000,000
    CountPathMax-divided-by-1,000,000
    MaxNestingMin
    MaxNestingMean
    MaxNestingMax

Drop all NaN columns
Remaining columns (67):
    lines_added
    lines_deleted
    comments_added
    comments_deleted
    commits
    bug_fixes
    avg_time_between_changes
    dev_expertise_avg
    dev_expertise_min
    developer_count
    commits_global
    avg_time_between_changes_global
    developer_count_global
    AvgCountLine
    AvgCountLineBlank
    AvgCountLineCode
    AvgCountLineComment
    AvgCyclomatic
    AvgCyclomaticModified
    AvgCyclomaticStrict
    AvgEssential
    CountClassBase
    CountClassCoupled
    CountClassDerived
    CountDeclClass
    CountDeclClassMethod
    CountDeclClassVariable
    CountDeclFunction
    CountDeclInstanceMethod
    CountDeclInstanceVariable
    CountDeclMethod
    CountDeclMethodDefault
    CountDeclMethodPrivate
    CountDeclMethodProtected
    CountDeclMethodPublic
    CountLine
    CountLineBlank
    CountLineCode
    CountLineCodeDecl
    CountLineCodeExe
    CountLineComment
    CountSemicolon
    CountStmt
    CountStmtDecl
    CountStmtExe
    MaxCyclomatic
    MaxCyclomaticModified
    MaxCyclomaticStrict
    MaxInheritanceTree
    PercentLackOfCohesion
    RatioCommentToCode
    SumCyclomatic
    SumCyclomaticModified
    SumCyclomaticStrict
    SumEssential
    CountInputMin
    CountInputMean
    CountInputMax
    CountOutputMin
    CountOutputMean
    CountOutputMax
    CountPathMin
    CountPathMean-divided-by-1,000,000
    CountPathMax-divided-by-1,000,000
    MaxNestingMin
    MaxNestingMean
    MaxNestingMax
Dropped all NaN columns (0):

Columns with missing values:
    lines_added: 0
    lines_deleted: 0
    comments_added: 0
    comments_deleted: 0
    commits: 0
    bug_fixes: 0
    avg_time_between_changes: 0
    dev_expertise_avg: 0
    dev_expertise_min: 0
    developer_count: 0
    commits_global: 0
    avg_time_between_changes_global: 0
    developer_count_global: 0
    AvgCountLine: 0
    AvgCountLineBlank: 0
    AvgCountLineCode: 0
    AvgCountLineComment: 0
    AvgCyclomatic: 0
    AvgCyclomaticModified: 0
    AvgCyclomaticStrict: 0
    AvgEssential: 0
    CountClassBase: 0
    CountClassCoupled: 0
    CountClassDerived: 0
    CountDeclClass: 0
    CountDeclClassMethod: 0
    CountDeclClassVariable: 0
    CountDeclFunction: 0
    CountDeclInstanceMethod: 0
    CountDeclInstanceVariable: 0
    CountDeclMethod: 0
    CountDeclMethodDefault: 0
    CountDeclMethodPrivate: 0
    CountDeclMethodProtected: 0
    CountDeclMethodPublic: 0
    CountLine: 0
    CountLineBlank: 0
    CountLineCode: 0
    CountLineCodeDecl: 0
    CountLineCodeExe: 0
    CountLineComment: 0
    CountSemicolon: 0
    CountStmt: 0
    CountStmtDecl: 0
    CountStmtExe: 0
    MaxCyclomatic: 0
    MaxCyclomaticModified: 0
    MaxCyclomaticStrict: 0
    MaxInheritanceTree: 0
    PercentLackOfCohesion: 0
    RatioCommentToCode: 0
    SumCyclomatic: 0
    SumCyclomaticModified: 0
    SumCyclomaticStrict: 0
    SumEssential: 0
    CountInputMin: 0
    CountInputMean: 0
    CountInputMax: 0
    CountOutputMin: 0
    CountOutputMean: 0
    CountOutputMax: 0
    CountPathMin: 0
    CountPathMean-divided-by-1,000,000: 0
    CountPathMax-divided-by-1,000,000: 0
    MaxNestingMin: 0
    MaxNestingMean: 0
    MaxNestingMax: 0
Total rows with missing values removed: 0
Total rows remaining: 17650

Correlated columns to be dropped:
    lines_deleted, correlated to: ['lines_added']
    comments_deleted, correlated to: ['comments_added']
    developer_count, correlated to: ['commits']
    commits_global, correlated to: ['commits', 'developer_count']
    developer_count_global, correlated to: ['developer_count', 'commits_global']
    AvgCountLineBlank, correlated to: ['AvgCountLine']
    AvgCountLineCode, correlated to: ['AvgCountLine', 'AvgCountLineBlank']
    AvgCyclomatic, correlated to: ['AvgCountLine', 'AvgCountLineCode']
    AvgCyclomaticModified, correlated to: ['AvgCountLine', 'AvgCountLineCode', 'AvgCyclomatic']
    AvgCyclomaticStrict, correlated to: ['AvgCountLine', 'AvgCountLineCode', 'AvgCyclomatic', 'AvgCyclomaticModified']
    AvgEssential, correlated to: ['AvgCountLineCode', 'AvgCyclomatic', 'AvgCyclomaticModified', 'AvgCyclomaticStrict']
    CountClassBase, correlated to: ['AvgEssential']
    CountClassCoupled, correlated to: ['AvgCountLineCode']
    CountDeclClassMethod, correlated to: ['CountDeclClass']
    CountDeclClassVariable, correlated to: ['CountDeclClass', 'CountDeclClassMethod']
    CountDeclFunction, correlated to: ['CountDeclClass', 'CountDeclClassMethod', 'CountDeclClassVariable']
    CountDeclInstanceMethod, correlated to: ['CountDeclClass', 'CountDeclClassMethod', 'CountDeclClassVariable', 'CountDeclFunction']
    CountDeclInstanceVariable, correlated to: ['CountDeclClass', 'CountDeclClassMethod', 'CountDeclClassVariable', 'CountDeclFunction', 'CountDeclInstanceMethod']
    CountDeclMethod, correlated to: ['CountDeclClass', 'CountDeclClassMethod', 'CountDeclClassVariable', 'CountDeclFunction', 'CountDeclInstanceMethod', 'CountDeclInstanceVariable']
    CountDeclMethodDefault, correlated to: ['CountDeclClassMethod', 'CountDeclClassVariable', 'CountDeclFunction', 'CountDeclInstanceMethod', 'CountDeclMethod']
    CountDeclMethodPrivate, correlated to: ['CountDeclClass', 'CountDeclClassMethod', 'CountDeclClassVariable', 'CountDeclFunction', 'CountDeclInstanceMethod', 'CountDeclInstanceVariable', 'CountDeclMethod']
    CountDeclMethodProtected, correlated to: ['CountDeclClass', 'CountDeclClassMethod', 'CountDeclClassVariable', 'CountDeclFunction', 'CountDeclInstanceMethod', 'CountDeclInstanceVariable', 'CountDeclMethod', 'CountDeclMethodPrivate']
    CountDeclMethodPublic, correlated to: ['CountDeclClass', 'CountDeclClassMethod', 'CountDeclClassVariable', 'CountDeclFunction', 'CountDeclInstanceMethod', 'CountDeclInstanceVariable', 'CountDeclMethod', 'CountDeclMethodDefault', 'CountDeclMethodPrivate', 'CountDeclMethodProtected']
    CountLine, correlated to: ['CountDeclClass', 'CountDeclClassMethod', 'CountDeclClassVariable', 'CountDeclFunction', 'CountDeclInstanceMethod', 'CountDeclInstanceVariable', 'CountDeclMethod', 'CountDeclMethodDefault', 'CountDeclMethodPrivate', 'CountDeclMethodProtected', 'CountDeclMethodPublic']
    CountLineBlank, correlated to: ['CountDeclClass', 'CountDeclClassMethod', 'CountDeclClassVariable', 'CountDeclFunction', 'CountDeclInstanceMethod', 'CountDeclInstanceVariable', 'CountDeclMethod', 'CountDeclMethodDefault', 'CountDeclMethodPrivate', 'CountDeclMethodProtected', 'CountDeclMethodPublic', 'CountLine']
    CountLineCode, correlated to: ['CountDeclClass', 'CountDeclClassMethod', 'CountDeclClassVariable', 'CountDeclFunction', 'CountDeclInstanceMethod', 'CountDeclInstanceVariable', 'CountDeclMethod', 'CountDeclMethodDefault', 'CountDeclMethodPrivate', 'CountDeclMethodProtected', 'CountDeclMethodPublic', 'CountLine', 'CountLineBlank']
    CountLineCodeDecl, correlated to: ['CountDeclClass', 'CountDeclClassMethod', 'CountDeclClassVariable', 'CountDeclFunction', 'CountDeclInstanceMethod', 'CountDeclInstanceVariable', 'CountDeclMethod', 'CountDeclMethodDefault', 'CountDeclMethodPrivate', 'CountDeclMethodProtected', 'CountDeclMethodPublic', 'CountLine', 'CountLineBlank', 'CountLineCode']
    CountLineCodeExe, correlated to: ['CountDeclClass', 'CountDeclClassMethod', 'CountDeclClassVariable', 'CountDeclFunction', 'CountDeclInstanceMethod', 'CountDeclInstanceVariable', 'CountDeclMethod', 'CountDeclMethodDefault', 'CountDeclMethodPrivate', 'CountDeclMethodProtected', 'CountDeclMethodPublic', 'CountLine', 'CountLineBlank', 'CountLineCode', 'CountLineCodeDecl']
    CountLineComment, correlated to: ['CountDeclClass', 'CountDeclClassMethod', 'CountDeclClassVariable', 'CountDeclFunction', 'CountDeclInstanceMethod', 'CountDeclInstanceVariable', 'CountDeclMethod', 'CountDeclMethodDefault', 'CountDeclMethodPrivate', 'CountDeclMethodProtected', 'CountDeclMethodPublic', 'CountLine', 'CountLineBlank', 'CountLineCode', 'CountLineCodeDecl', 'CountLineCodeExe']
    CountSemicolon, correlated to: ['CountDeclClass', 'CountDeclClassMethod', 'CountDeclClassVariable', 'CountDeclFunction', 'CountDeclInstanceMethod', 'CountDeclInstanceVariable', 'CountDeclMethod', 'CountDeclMethodDefault', 'CountDeclMethodPrivate', 'CountDeclMethodProtected', 'CountDeclMethodPublic', 'CountLine', 'CountLineBlank', 'CountLineCode', 'CountLineCodeDecl', 'CountLineCodeExe', 'CountLineComment']
    CountStmt, correlated to: ['CountDeclClass', 'CountDeclClassMethod', 'CountDeclClassVariable', 'CountDeclFunction', 'CountDeclInstanceMethod', 'CountDeclInstanceVariable', 'CountDeclMethod', 'CountDeclMethodDefault', 'CountDeclMethodPrivate', 'CountDeclMethodProtected', 'CountDeclMethodPublic', 'CountLine', 'CountLineBlank', 'CountLineCode', 'CountLineCodeDecl', 'CountLineCodeExe', 'CountLineComment', 'CountSemicolon']
    CountStmtDecl, correlated to: ['CountDeclClass', 'CountDeclClassMethod', 'CountDeclClassVariable', 'CountDeclFunction', 'CountDeclInstanceMethod', 'CountDeclInstanceVariable', 'CountDeclMethod', 'CountDeclMethodDefault', 'CountDeclMethodPrivate', 'CountDeclMethodProtected', 'CountDeclMethodPublic', 'CountLine', 'CountLineBlank', 'CountLineCode', 'CountLineCodeDecl', 'CountLineCodeExe', 'CountLineComment', 'CountSemicolon', 'CountStmt']
    CountStmtExe, correlated to: ['CountDeclClass', 'CountDeclClassMethod', 'CountDeclClassVariable', 'CountDeclFunction', 'CountDeclInstanceMethod', 'CountDeclInstanceVariable', 'CountDeclMethod', 'CountDeclMethodDefault', 'CountDeclMethodPrivate', 'CountDeclMethodProtected', 'CountDeclMethodPublic', 'CountLine', 'CountLineBlank', 'CountLineCode', 'CountLineCodeDecl', 'CountLineCodeExe', 'CountLineComment', 'CountSemicolon', 'CountStmt', 'CountStmtDecl']
    MaxCyclomatic, correlated to: ['AvgCyclomatic', 'AvgCyclomaticModified', 'AvgCyclomaticStrict']
    MaxCyclomaticModified, correlated to: ['AvgCyclomatic', 'AvgCyclomaticModified', 'AvgCyclomaticStrict', 'MaxCyclomatic']
    MaxCyclomaticStrict, correlated to: ['AvgCyclomatic', 'AvgCyclomaticStrict', 'MaxCyclomatic', 'MaxCyclomaticModified']
    MaxInheritanceTree, correlated to: ['CountClassBase']
    SumCyclomatic, correlated to: ['CountDeclClass', 'CountDeclClassMethod', 'CountDeclClassVariable', 'CountDeclFunction', 'CountDeclInstanceMethod', 'CountDeclInstanceVariable', 'CountDeclMethod', 'CountDeclMethodDefault', 'CountDeclMethodPrivate', 'CountDeclMethodProtected', 'CountDeclMethodPublic', 'CountLine', 'CountLineBlank', 'CountLineCode', 'CountLineCodeDecl', 'CountLineCodeExe', 'CountLineComment', 'CountSemicolon', 'CountStmt', 'CountStmtDecl', 'CountStmtExe']
    SumCyclomaticModified, correlated to: ['CountDeclClass', 'CountDeclClassMethod', 'CountDeclClassVariable', 'CountDeclFunction', 'CountDeclInstanceMethod', 'CountDeclInstanceVariable', 'CountDeclMethod', 'CountDeclMethodDefault', 'CountDeclMethodPrivate', 'CountDeclMethodProtected', 'CountDeclMethodPublic', 'CountLine', 'CountLineBlank', 'CountLineCode', 'CountLineCodeDecl', 'CountLineCodeExe', 'CountLineComment', 'CountSemicolon', 'CountStmt', 'CountStmtDecl', 'CountStmtExe', 'SumCyclomatic']
    SumCyclomaticStrict, correlated to: ['CountDeclClass', 'CountDeclClassMethod', 'CountDeclClassVariable', 'CountDeclFunction', 'CountDeclInstanceMethod', 'CountDeclInstanceVariable', 'CountDeclMethod', 'CountDeclMethodDefault', 'CountDeclMethodPrivate', 'CountDeclMethodProtected', 'CountDeclMethodPublic', 'CountLine', 'CountLineBlank', 'CountLineCode', 'CountLineCodeDecl', 'CountLineCodeExe', 'CountLineComment', 'CountSemicolon', 'CountStmt', 'CountStmtDecl', 'CountStmtExe', 'SumCyclomatic', 'SumCyclomaticModified']
    SumEssential, correlated to: ['CountDeclClass', 'CountDeclClassMethod', 'CountDeclClassVariable', 'CountDeclFunction', 'CountDeclInstanceMethod', 'CountDeclInstanceVariable', 'CountDeclMethod', 'CountDeclMethodDefault', 'CountDeclMethodPrivate', 'CountDeclMethodProtected', 'CountDeclMethodPublic', 'CountLine', 'CountLineBlank', 'CountLineCode', 'CountLineCodeDecl', 'CountLineCodeExe', 'CountLineComment', 'CountSemicolon', 'CountStmt', 'CountStmtDecl', 'CountStmtExe', 'SumCyclomatic', 'SumCyclomaticModified', 'SumCyclomaticStrict']
    CountOutputMean, correlated to: ['AvgCountLine', 'AvgCountLineCode', 'AvgCyclomaticModified', 'CountClassCoupled', 'CountOutputMin']
    MaxNestingMean, correlated to: ['AvgCyclomatic', 'AvgCyclomaticModified', 'AvgCyclomaticStrict', 'CountOutputMean']
    MaxNestingMax, correlated to: ['AvgCyclomaticModified', 'MaxCyclomaticModified', 'CountOutputMax', 'MaxNestingMean']

Remove outliers:
    Initial number of rows in the filtered_dataset: 17650
    Initial number of .java files with bug in the filtered_dataset: 5419
    IQR_method n argument: 20
    Total number of outliers is: 0
    Final number of rows in the filtered_dataset: 17650
    Final number of .java files with bug in the filtered_dataset: 5419

Drop same value columns after outliers removal
Initial columns: 23
    lines_added
    comments_added
    commits
    bug_fixes
    avg_time_between_changes
    dev_expertise_avg
    dev_expertise_min
    avg_time_between_changes_global
    AvgCountLine
    AvgCountLineComment
    CountClassDerived
    CountDeclClass
    PercentLackOfCohesion
    RatioCommentToCode
    CountInputMin
    CountInputMean
    CountInputMax
    CountOutputMin
    CountOutputMax
    CountPathMin
    CountPathMean-divided-by-1,000,000
    CountPathMax-divided-by-1,000,000
    MaxNestingMin
Remaining columns (23):
    lines_added
    comments_added
    commits
    bug_fixes
    avg_time_between_changes
    dev_expertise_avg
    dev_expertise_min
    avg_time_between_changes_global
    AvgCountLine
    AvgCountLineComment
    CountClassDerived
    CountDeclClass
    PercentLackOfCohesion
    RatioCommentToCode
    CountInputMin
    CountInputMean
    CountInputMax
    CountOutputMin
    CountOutputMax
    CountPathMin
    CountPathMean-divided-by-1,000,000
    CountPathMax-divided-by-1,000,000
    MaxNestingMin
Dropped same value columns (0):

Variables range:
    lines_added: 0 - 124818
    comments_added: 0 - 2948
    commits: 0 - 362
    bug_fixes: 0 - 24
    avg_time_between_changes: 0.0 - 1612.0
    dev_expertise_avg: 0.0 - 1509.0
    dev_expertise_min: 0 - 1509
    avg_time_between_changes_global: 0.0 - 3228.0
    AvgCountLine: 0.0 - 355.0
    AvgCountLineComment: 0.0 - 38.0
    CountClassDerived: 0.0 - 37.0
    CountDeclClass: 0.0 - 3305.0
    PercentLackOfCohesion: 0.0 - 100.0
    RatioCommentToCode: 0.0 - 68.0
    CountInputMin: 0.0 - 41.0
    CountInputMean: 0.0 - 58.0
    CountInputMax: 0.0 - 434.0
    CountOutputMin: 0.0 - 72.0
    CountOutputMax: 0.0 - 208.0
    CountPathMin: 0.0 - 464.0
    CountPathMean-divided-by-1,000,000: 0 - 111
    CountPathMax-divided-by-1,000,000: 0 - 1000
    MaxNestingMin: 0.0 - 6.0

random_forest_clf best params: {'bootstrap': True, 'ccp_alpha': 0.0, 'class_weight': None, 'criterion': 'gini', 'max_depth': 8, 'max_features': 'sqrt', 'max_leaf_nodes': None, 'max_samples': None, 'min_impurity_decrease': 0.0, 'min_samples_leaf': 1, 'min_samples_split': 2, 'min_weight_fraction_leaf': 0.0, 'monotonic_cst': None, 'n_estimators': 300, 'n_jobs': None, 'oob_score': False, 'random_state': 0, 'verbose': 0, 'warm_start': False}
Random Forest Cross Validation Precision scores are: [0.97520661 0.97916667 0.98469388 0.97464789 0.97389034 0.97866667
 0.97275204 0.97179487 0.98670213 0.97866667]
Random Forest Average Cross Validation Precision score: 0.9776187758921976
Random Forest Cross Validation Precision standard deviation: 0.004981135023152822
Random Forest Cross Validation Recall scores are: [0.96195652 0.98172324 0.96741855 0.95844875 0.96382429 0.97866667
 0.98076923 0.97680412 0.95865633 0.96325459]
Random Forest Average Cross Validation Recall score: 0.969152229364369
Random Forest Cross Validation Recall standard deviation: 0.00933775002535249
Random Forest classifier performance:
precision: [0.98690671 0.96869245]
recall: [0.98609975 0.9704797 ]
fscore: [0.98650307 0.96958525]
support: [3669 1626]

Random Forest classifier performance:
precision: 0.9686924493554327
recall: 0.9704797047970479
fscore: 0.9695852534562212
support: None

Random Forest AUC: 0.9984858679330866

Random Forest classifier performance:
Random Forest Average Cross Validation Precision score: 97.8
Random Forest Average Cross Validation Recall score: 96.9
Random Forest AUC: 99.8
precision: 96.9
recall: 97.0

